Using pre-set license
Built from '2021.1/staging' branch; Version is '2021.1.15f1 (e767a7370072) revision 15165351'; Using compiler version '192528614'; Build Type 'Release'
OS: 'Windows 10 Pro; OS build 19043.1165; Version 2009; 64bit' Language: 'es' Physical Memory: 16335 MB
BatchMode: 1, IsHumanControllingUs: 0, StartBugReporterOnCrash: 0, Is64bit: 1, IsPro: 0

 COMMAND LINE ARGUMENTS:
C:\Program Files\Unity\Hub\Editor\2021.1.15f1\Editor\Unity.exe
-adb2
-batchMode
-noUpm
-name
AssetImportWorker0
-projectPath
C:/Users/Aorus/Downloads/AlienGame---Arboleda-main
-logFile
Logs/AssetImportWorker0.log
-srvPort
50882
Successfully changed project path to: C:/Users/Aorus/Downloads/AlienGame---Arboleda-main
C:/Users/Aorus/Downloads/AlienGame---Arboleda-main
Using Asset Import Pipeline V2.
Refreshing native plugins compatible for Editor in 105.38 ms, found 4 plugins.
Preloading 0 native plugins for Editor in 0.00 ms.
Initialize engine version: 2021.1.15f1 (e767a7370072)
[Subsystems] Discovering subsystems at path C:/Program Files/Unity/Hub/Editor/2021.1.15f1/Editor/Data/Resources/UnitySubsystems
[Subsystems] Discovering subsystems at path C:/Users/Aorus/Downloads/AlienGame---Arboleda-main/Assets
GfxDevice: creating device client; threaded=0; jobified=0
Direct3D:
    Version:  Direct3D 11.0 [level 11.1]
    Renderer: Radeon RX 570 Series (ID=0x67df)
    Vendor:   ATI
    VRAM:     8171 MB
    Driver:   27.20.22025.1006
Initialize mono
Mono path[0] = 'C:/Program Files/Unity/Hub/Editor/2021.1.15f1/Editor/Data/Managed'
Mono path[1] = 'C:/Program Files/Unity/Hub/Editor/2021.1.15f1/Editor/Data/MonoBleedingEdge/lib/mono/unityjit'
Mono config path = 'C:/Program Files/Unity/Hub/Editor/2021.1.15f1/Editor/Data/MonoBleedingEdge/etc'
Using monoOptions --debugger-agent=transport=dt_socket,embedding=1,server=y,suspend=n,address=127.0.0.1:56600
Begin MonoManager ReloadAssembly
Registering precompiled unity dll's ...
Register platform support module: C:/Program Files/Unity/Hub/Editor/2021.1.15f1/Editor/Data/PlaybackEngines/WebGLSupport/UnityEditor.WebGL.Extensions.dll
Register platform support module: C:/Program Files/Unity/Hub/Editor/2021.1.15f1/Editor/Data/PlaybackEngines/WindowsStandaloneSupport/UnityEditor.WindowsStandalone.Extensions.dll
Registered in 0.002694 seconds.
Native extension for WindowsStandalone target not found
Native extension for WebGL target not found
Refreshing native plugins compatible for Editor in 97.92 ms, found 4 plugins.
Preloading 0 native plugins for Editor in 0.00 ms.
Mono: successfully reloaded assembly
- Completed reload, in  1.531 seconds
Domain Reload Profiling:
	ReloadAssembly (1531ms)
		BeginReloadAssembly (58ms)
			ExecutionOrderSort (0ms)
			DisableScriptedObjects (0ms)
			BackupInstance (0ms)
			ReleaseScriptingObjects (0ms)
			CreateAndSetChildDomain (1ms)
		EndReloadAssembly (462ms)
			LoadAssemblies (56ms)
			RebuildTransferFunctionScriptingTraits (0ms)
			SetupTypeCache (152ms)
			ReleaseScriptCaches (0ms)
			RebuildScriptCaches (35ms)
			SetupLoadedEditorAssemblies (227ms)
				LogAssemblyErrors (0ms)
				InitializePlatformSupportModulesInManaged (8ms)
				SetLoadedEditorAssemblies (0ms)
				RefreshPlugins (98ms)
				BeforeProcessingInitializeOnLoad (1ms)
				ProcessInitializeOnLoadAttributes (91ms)
				ProcessInitializeOnLoadMethodAttributes (28ms)
				AfterProcessingInitializeOnLoad (0ms)
				EditorAssembliesLoaded (0ms)
			ExecutionOrderSort2 (0ms)
			AwakeInstancesAfterBackupRestoration (0ms)
Platform modules already initialized, skipping
Registering precompiled user dll's ...
Registered in 0.007315 seconds.
Begin MonoManager ReloadAssembly
Symbol file LoadedFromMemory doesn't match image C:\Users\Aorus\Downloads\AlienGame---Arboleda-main\Library\PackageCache\com.unity.visualscripting@1.6.1\Editor\VisualScripting.Core\Dependencies\YamlDotNet\Unity.VisualScripting.YamlDotNet.dll
Symbol file LoadedFromMemory doesn't match image C:\Users\Aorus\Downloads\AlienGame---Arboleda-main\Library\PackageCache\com.unity.visualscripting@1.6.1\Editor\VisualScripting.Core\Dependencies\DotNetZip\Unity.VisualScripting.IonicZip.dll
Native extension for WindowsStandalone target not found
Native extension for WebGL target not found
Refreshing native plugins compatible for Editor in 94.76 ms, found 4 plugins.
Preloading 0 native plugins for Editor in 0.00 ms.
Mono: successfully reloaded assembly
- Completed reload, in  1.222 seconds
Domain Reload Profiling:
	ReloadAssembly (1222ms)
		BeginReloadAssembly (144ms)
			ExecutionOrderSort (0ms)
			DisableScriptedObjects (4ms)
			BackupInstance (0ms)
			ReleaseScriptingObjects (0ms)
			CreateAndSetChildDomain (22ms)
		EndReloadAssembly (1015ms)
			LoadAssemblies (106ms)
			RebuildTransferFunctionScriptingTraits (0ms)
			SetupTypeCache (329ms)
			ReleaseScriptCaches (1ms)
			RebuildScriptCaches (52ms)
			SetupLoadedEditorAssemblies (438ms)
				LogAssemblyErrors (0ms)
				InitializePlatformSupportModulesInManaged (4ms)
				SetLoadedEditorAssemblies (0ms)
				RefreshPlugins (95ms)
				BeforeProcessingInitializeOnLoad (88ms)
				ProcessInitializeOnLoadAttributes (228ms)
				ProcessInitializeOnLoadMethodAttributes (14ms)
				AfterProcessingInitializeOnLoad (8ms)
				EditorAssembliesLoaded (0ms)
			ExecutionOrderSort2 (0ms)
			AwakeInstancesAfterBackupRestoration (6ms)
Platform modules already initialized, skipping
========================================================================
Worker process is ready to serve import requests
Launched and connected shader compiler UnityShaderCompiler.exe after 0.04 seconds
Refreshing native plugins compatible for Editor in 0.99 ms, found 4 plugins.
Preloading 0 native plugins for Editor in 0.00 ms.
Unloading 3686 Unused Serialized files (Serialized files now loaded: 0)
System memory in use before: 138.7 MB.
System memory in use after: 138.9 MB.

Unloading 32 unused Assets to reduce memory usage. Loaded Objects now: 4135.
Total: 3.203000 ms (FindLiveObjects: 0.422000 ms CreateObjectMapping: 0.096200 ms MarkObjects: 2.611200 ms  DeleteObjects: 0.066200 ms)

AssetImportParameters requested are different than current active one (requested -> active):
  custom:framework-win-MediaFoundation: 216162199b28c13a410421893ffa2e32 -> 
  custom:video-decoder-ogg-theora: a1e56fd34408186e4bbccfd4996cb3dc -> 
  custom:container-muxer-webm: aa71ff27fc2769a1b78a27578f13a17b -> 
  custom:container-demuxer-webm: 4f35f7cbe854078d1ac9338744f61a02 -> 
  custom:container-demuxer-ogg: 62fdf1f143b41e24485cea50d1cbac27 -> 
  custom:video-encoder-webm-vp8: eb34c28f22e8b96e1ab97ce403110664 -> 
  custom:video-decoder-webm-vp8: 9c59270c3fd7afecdb556c50c9e8de78 -> 
  custom:audio-decoder-ogg-vorbis: bf7c407c2cedff20999df2af8eb42d56 -> 
  custom:audio-encoder-webm-vorbis: bf7c407c2cedff20999df2af8eb42d56 -> 
========================================================================
Received Import Request.
  path: Assets/pelota.physicsMaterial2D
  artifactKey: Guid(521bc5bde7b0d4a78ae1b45ac5938cd3) Importer(815301076,1909f56bfc062723c751e8b465ee728b)
Start importing Assets/pelota.physicsMaterial2D using Guid(521bc5bde7b0d4a78ae1b45ac5938cd3) Importer(815301076,1909f56bfc062723c751e8b465ee728b)  -> (artifact id: '680e38b6d4d82a88078d5e9164b89260') in 0.031469 seconds 
========================================================================
Received Import Request.
  Time since last request: 205.149541 seconds.
  path: Assets/prefabs/bullet 2.prefab
  artifactKey: Guid(ee936ef7cfeac42a98d98fe8e2df23c6) Importer(815301076,1909f56bfc062723c751e8b465ee728b)
Start importing Assets/prefabs/bullet 2.prefab using Guid(ee936ef7cfeac42a98d98fe8e2df23c6) Importer(815301076,1909f56bfc062723c751e8b465ee728b)  -> (artifact id: 'a4e4b997b339cb3bd70e5edb4a642008') in 0.087016 seconds 
========================================================================
Received Import Request.
  Time since last request: 0.000170 seconds.
  path: Assets/prefabs/GameManager.prefab
  artifactKey: Guid(776007b32233b427bb65e0254f83837b) Importer(815301076,1909f56bfc062723c751e8b465ee728b)
Start importing Assets/prefabs/GameManager.prefab using Guid(776007b32233b427bb65e0254f83837b) Importer(815301076,1909f56bfc062723c751e8b465ee728b)  -> (artifact id: '34e2ed49ec49aa5ff1ff338a64d238be') in 0.004614 seconds 
========================================================================
Received Import Request.
  Time since last request: 0.000191 seconds.
  path: Assets/prefabs/wolf.prefab
  artifactKey: Guid(62903fc9002df49eba5e2099a4739639) Importer(815301076,1909f56bfc062723c751e8b465ee728b)
Start importing Assets/prefabs/wolf.prefab using Guid(62903fc9002df49eba5e2099a4739639) Importer(815301076,1909f56bfc062723c751e8b465ee728b)  -> (artifact id: '6dde6f56df2c39c424e1fad06d9d31d1') in 0.010203 seconds 
========================================================================
Received Import Request.
  Time since last request: 0.000138 seconds.
  path: Assets/prefabs/chicken.prefab
  artifactKey: Guid(5de0e8e1fb30c4cb9a3e33d88ec6f1f7) Importer(815301076,1909f56bfc062723c751e8b465ee728b)
Start importing Assets/prefabs/chicken.prefab using Guid(5de0e8e1fb30c4cb9a3e33d88ec6f1f7) Importer(815301076,1909f56bfc062723c751e8b465ee728b)  -> (artifact id: '9488b46105f71ace19f25eecf5281851') in 0.008785 seconds 
========================================================================
Received Import Request.
  Time since last request: 0.000182 seconds.
  path: Assets/prefabs/bullet.prefab
  artifactKey: Guid(e2cef46308f9b44ccaf3d9e14f97782e) Importer(815301076,1909f56bfc062723c751e8b465ee728b)
Start importing Assets/prefabs/bullet.prefab using Guid(e2cef46308f9b44ccaf3d9e14f97782e) Importer(815301076,1909f56bfc062723c751e8b465ee728b)  -> (artifact id: 'eaf546389d5d9f611b8be6fc6f078480') in 0.009110 seconds 
========================================================================
Received Import Request.
  Time since last request: 0.000182 seconds.
  path: Assets/prefabs/cow.prefab
  artifactKey: Guid(db8d1e340995049d0984840af55368df) Importer(815301076,1909f56bfc062723c751e8b465ee728b)
Start importing Assets/prefabs/cow.prefab using Guid(db8d1e340995049d0984840af55368df) Importer(815301076,1909f56bfc062723c751e8b465ee728b)  -> (artifact id: '5961631f01afca76b9532811f3845503') in 0.009448 seconds 
========================================================================
Received Import Request.
  Time since last request: 3.022223 seconds.
  path: Assets/Imagenes/chicken.png
  artifactKey: Guid(a71464e2a2e2f41018c6520c73695f6a) Importer(815301076,1909f56bfc062723c751e8b465ee728b)
Start importing Assets/Imagenes/chicken.png using Guid(a71464e2a2e2f41018c6520c73695f6a) Importer(815301076,1909f56bfc062723c751e8b465ee728b)  -> (artifact id: 'a3d6ba2ddf26f4c937455f989160b9f4') in 0.033587 seconds 
========================================================================
Received Import Request.
  Time since last request: 0.000206 seconds.
  path: Assets/Imagenes/platformPack_tile011.png
  artifactKey: Guid(5003b1dc28a9946f3bb725027948f6e0) Importer(815301076,1909f56bfc062723c751e8b465ee728b)
Start importing Assets/Imagenes/platformPack_tile011.png using Guid(5003b1dc28a9946f3bb725027948f6e0) Importer(815301076,1909f56bfc062723c751e8b465ee728b)  -> (artifact id: '1d55a0238dc86edf91d5bb879b9fdadd') in 0.010174 seconds 
========================================================================
Received Import Request.
  Time since last request: 0.000151 seconds.
  path: Assets/Imagenes/foliagePack_014.png
  artifactKey: Guid(078d91bc3632c4e208d956fa3f681cf3) Importer(815301076,1909f56bfc062723c751e8b465ee728b)
Start importing Assets/Imagenes/foliagePack_014.png using Guid(078d91bc3632c4e208d956fa3f681cf3) Importer(815301076,1909f56bfc062723c751e8b465ee728b)  -> (artifact id: '17cfacb1aa6a1a8d965bc8218804793d') in 0.010776 seconds 
========================================================================
Received Import Request.
  Time since last request: 0.000172 seconds.
  path: Assets/Imagenes/platformPack_tile012.png
  artifactKey: Guid(b128f72ea277648efbcafd01341a67c1) Importer(815301076,1909f56bfc062723c751e8b465ee728b)
Start importing Assets/Imagenes/platformPack_tile012.png using Guid(b128f72ea277648efbcafd01341a67c1) Importer(815301076,1909f56bfc062723c751e8b465ee728b)  -> (artifact id: 'cde3d1ba80e33384e0016491f33701db') in 0.007857 seconds 
========================================================================
Received Import Request.
  Time since last request: 0.000142 seconds.
  path: Assets/Imagenes/foliagePack_002.png
  artifactKey: Guid(07bf8777a6aa2401a9a68c27f9cc9bde) Importer(815301076,1909f56bfc062723c751e8b465ee728b)
Start importing Assets/Imagenes/foliagePack_002.png using Guid(07bf8777a6aa2401a9a68c27f9cc9bde) Importer(815301076,1909f56bfc062723c751e8b465ee728b)  -> (artifact id: 'e02983ce5a3d96637c569b64c7afc225') in 0.010430 seconds 
========================================================================
Received Import Request.
  Time since last request: 0.000170 seconds.
  path: Assets/Imagenes/foliagePack_058.png
  artifactKey: Guid(33bc2258f12b24d3aa1d6f3fe46c4d7d) Importer(815301076,1909f56bfc062723c751e8b465ee728b)
Start importing Assets/Imagenes/foliagePack_058.png using Guid(33bc2258f12b24d3aa1d6f3fe46c4d7d) Importer(815301076,1909f56bfc062723c751e8b465ee728b)  -> (artifact id: 'c3754eddb9285f1038feb13e401f69c6') in 0.010328 seconds 
========================================================================
Received Import Request.
  Time since last request: 0.000188 seconds.
  path: Assets/Imagenes/dog.png
  artifactKey: Guid(26fab33ad0bfe4048a09f31bfab1eafc) Importer(815301076,1909f56bfc062723c751e8b465ee728b)
Start importing Assets/Imagenes/dog.png using Guid(26fab33ad0bfe4048a09f31bfab1eafc) Importer(815301076,1909f56bfc062723c751e8b465ee728b)  -> (artifact id: '8bc1bbfa8377291c77506e7f350ad461') in 0.011546 seconds 
========================================================================
Received Import Request.
  Time since last request: 0.000176 seconds.
  path: Assets/Imagenes/foliagePack_030.png
  artifactKey: Guid(e9168378603814aa99362aa76e6bd334) Importer(815301076,1909f56bfc062723c751e8b465ee728b)
Start importing Assets/Imagenes/foliagePack_030.png using Guid(e9168378603814aa99362aa76e6bd334) Importer(815301076,1909f56bfc062723c751e8b465ee728b)  -> (artifact id: '79d7661275a328d4656a4f3824fafb9c') in 0.010251 seconds 
========================================================================
Received Import Request.
  Time since last request: 0.000204 seconds.
  path: Assets/Imagenes/platformPack_item005.png
  artifactKey: Guid(4e568e44887c74bf39fc1ccb9394c140) Importer(815301076,1909f56bfc062723c751e8b465ee728b)
Start importing Assets/Imagenes/platformPack_item005.png using Guid(4e568e44887c74bf39fc1ccb9394c140) Importer(815301076,1909f56bfc062723c751e8b465ee728b)  -> (artifact id: 'bacfec763b15c0e3e6264f87efd79cd4') in 0.008484 seconds 
========================================================================
Received Import Request.
  Time since last request: 0.000141 seconds.
  path: Assets/Imagenes/foliagePack_060.png
  artifactKey: Guid(87c4052594dfb43f994e962322fe5077) Importer(815301076,1909f56bfc062723c751e8b465ee728b)
Start importing Assets/Imagenes/foliagePack_060.png using Guid(87c4052594dfb43f994e962322fe5077) Importer(815301076,1909f56bfc062723c751e8b465ee728b)  -> (artifact id: '92db38d397d9b9f4fb0ad6a1ef1d9a2f') in 0.012892 seconds 
========================================================================
Received Import Request.
  Time since last request: 0.000169 seconds.
  path: Assets/Imagenes/foliagePack_001.png
  artifactKey: Guid(5c494aab1ea2846f8ad5fdd989883e96) Importer(815301076,1909f56bfc062723c751e8b465ee728b)
Start importing Assets/Imagenes/foliagePack_001.png using Guid(5c494aab1ea2846f8ad5fdd989883e96) Importer(815301076,1909f56bfc062723c751e8b465ee728b)  -> (artifact id: '4d018b5c6114349a4596b6ccadb2e34f') in 0.009988 seconds 
========================================================================
Received Import Request.
  Time since last request: 0.000163 seconds.
  path: Assets/Imagenes/foliagePack_015.png
  artifactKey: Guid(ae5f1e6e67bf54daf904ba3311fb5338) Importer(815301076,1909f56bfc062723c751e8b465ee728b)
Start importing Assets/Imagenes/foliagePack_015.png using Guid(ae5f1e6e67bf54daf904ba3311fb5338) Importer(815301076,1909f56bfc062723c751e8b465ee728b)  -> (artifact id: '5e6c4b261e3fe5becb56bb5a789f4c4a') in 0.010693 seconds 
========================================================================
Received Import Request.
  Time since last request: 0.000160 seconds.
  path: Assets/Imagenes/foliagePack_007.png
  artifactKey: Guid(bf96a10e7c9534bccb530d3f0e6cf7bf) Importer(815301076,1909f56bfc062723c751e8b465ee728b)
Start importing Assets/Imagenes/foliagePack_007.png using Guid(bf96a10e7c9534bccb530d3f0e6cf7bf) Importer(815301076,1909f56bfc062723c751e8b465ee728b)  -> (artifact id: '00e22da3b498bb01fc61169c1ebb1156') in 0.009754 seconds 
========================================================================
Received Import Request.
  Time since last request: 0.000158 seconds.
  path: Assets/Imagenes/horse.png
  artifactKey: Guid(eca0a999a413c4e9e807793176a31ca2) Importer(815301076,1909f56bfc062723c751e8b465ee728b)
Start importing Assets/Imagenes/horse.png using Guid(eca0a999a413c4e9e807793176a31ca2) Importer(815301076,1909f56bfc062723c751e8b465ee728b)  -> (artifact id: '21a0c6a39eb75fa3d265e4c010d10e0f') in 0.014348 seconds 
========================================================================
Received Import Request.
  Time since last request: 0.000187 seconds.
  path: Assets/Imagenes/platformPack_tile023.png
  artifactKey: Guid(070155eb250b34328bdb370badd4bb3b) Importer(815301076,1909f56bfc062723c751e8b465ee728b)
Start importing Assets/Imagenes/platformPack_tile023.png using Guid(070155eb250b34328bdb370badd4bb3b) Importer(815301076,1909f56bfc062723c751e8b465ee728b)  -> (artifact id: '34c2d72538380c62a65be8eaace2dd6e') in 0.010399 seconds 
========================================================================
Received Import Request.
  Time since last request: 0.000217 seconds.
  path: Assets/Imagenes/platformPack_tile024.png
  artifactKey: Guid(706a9b7aad13b4b0ba30d64e8ac3c3dd) Importer(815301076,1909f56bfc062723c751e8b465ee728b)
Start importing Assets/Imagenes/platformPack_tile024.png using Guid(706a9b7aad13b4b0ba30d64e8ac3c3dd) Importer(815301076,1909f56bfc062723c751e8b465ee728b)  -> (artifact id: '12b2139f5f0ed264940650696bc72490') in 0.010112 seconds 
========================================================================
Received Import Request.
  Time since last request: 0.000179 seconds.
  path: Assets/Imagenes/foliagePack_004.png
  artifactKey: Guid(125a5a2a4f42448429b99a9d249ca3d8) Importer(815301076,1909f56bfc062723c751e8b465ee728b)
Start importing Assets/Imagenes/foliagePack_004.png using Guid(125a5a2a4f42448429b99a9d249ca3d8) Importer(815301076,1909f56bfc062723c751e8b465ee728b)  -> (artifact id: '0ea20fa5cc1af32390f622dfb8abe7e9') in 0.010277 seconds 
========================================================================
Received Import Request.
  Time since last request: 0.000162 seconds.
  path: Assets/Imagenes/cow.png
  artifactKey: Guid(3d446e59f66ea4fe193170cb8b3c8a27) Importer(815301076,1909f56bfc062723c751e8b465ee728b)
Start importing Assets/Imagenes/cow.png using Guid(3d446e59f66ea4fe193170cb8b3c8a27) Importer(815301076,1909f56bfc062723c751e8b465ee728b)  -> (artifact id: '31010a58481c57e0398257c125ecb9f5') in 0.011397 seconds 
========================================================================
Received Import Request.
  Time since last request: 0.000159 seconds.
  path: Assets/Imagenes/foliagePack_005.png
  artifactKey: Guid(ea7e53201b8fc45a1843801dfb14e79c) Importer(815301076,1909f56bfc062723c751e8b465ee728b)
Start importing Assets/Imagenes/foliagePack_005.png using Guid(ea7e53201b8fc45a1843801dfb14e79c) Importer(815301076,1909f56bfc062723c751e8b465ee728b)  -> (artifact id: '71a73fc9461c66201d8e7ce24c397226') in 0.010628 seconds 
========================================================================
Received Import Request.
  Time since last request: 0.000150 seconds.
  path: Assets/Imagenes/foliagePack_029.png
  artifactKey: Guid(b7b01dec401cc43b998d190522d37d27) Importer(815301076,1909f56bfc062723c751e8b465ee728b)
Start importing Assets/Imagenes/foliagePack_029.png using Guid(b7b01dec401cc43b998d190522d37d27) Importer(815301076,1909f56bfc062723c751e8b465ee728b)  -> (artifact id: 'c58e2ef25f6244e8065ec139122c3b5c') in 0.011476 seconds 
========================================================================
Received Import Request.
  Time since last request: 0.000160 seconds.
  path: Assets/Imagenes/foliagePack_006.png
  artifactKey: Guid(08520a59fd767455fbd9940f97a1c97f) Importer(815301076,1909f56bfc062723c751e8b465ee728b)
Start importing Assets/Imagenes/foliagePack_006.png using Guid(08520a59fd767455fbd9940f97a1c97f) Importer(815301076,1909f56bfc062723c751e8b465ee728b)  -> (artifact id: 'd2f78327f93e9acf83818ec788386f38') in 0.010179 seconds 
========================================================================
Received Import Request.
  Time since last request: 0.000188 seconds.
  path: Assets/Imagenes/foliagePack_020.png
  artifactKey: Guid(490669550c6844c1da189e2bbf6cc2f8) Importer(815301076,1909f56bfc062723c751e8b465ee728b)
Start importing Assets/Imagenes/foliagePack_020.png using Guid(490669550c6844c1da189e2bbf6cc2f8) Importer(815301076,1909f56bfc062723c751e8b465ee728b)  -> (artifact id: 'f7a2558574beb6c6dfd21a107a501d9b') in 0.010722 seconds 
========================================================================
Received Import Request.
  Time since last request: 0.000187 seconds.
  path: Assets/Imagenes/foliagePack_028.png
  artifactKey: Guid(ce88aede3aef9445bb9aaa0428da37ae) Importer(815301076,1909f56bfc062723c751e8b465ee728b)
Start importing Assets/Imagenes/foliagePack_028.png using Guid(ce88aede3aef9445bb9aaa0428da37ae) Importer(815301076,1909f56bfc062723c751e8b465ee728b)  -> (artifact id: '924aae3f4db2d5326aebbee1e8863f34') in 0.010487 seconds 
========================================================================
Received Import Request.
  Time since last request: 0.000175 seconds.
  path: Assets/Imagenes/platformPack_item017.png
  artifactKey: Guid(d7f6ae99b968e4c979fc30284e5ccc57) Importer(815301076,1909f56bfc062723c751e8b465ee728b)
Start importing Assets/Imagenes/platformPack_item017.png using Guid(d7f6ae99b968e4c979fc30284e5ccc57) Importer(815301076,1909f56bfc062723c751e8b465ee728b)  -> (artifact id: 'feff8af9936b37b94508e9339e6a20c5') in 0.007591 seconds 
========================================================================
Received Import Request.
  Time since last request: 0.000259 seconds.
  path: Assets/Imagenes/foliagePack_019.png
  artifactKey: Guid(e1c6ec93c5f8f482093b7522adb9860a) Importer(815301076,1909f56bfc062723c751e8b465ee728b)
Start importing Assets/Imagenes/foliagePack_019.png using Guid(e1c6ec93c5f8f482093b7522adb9860a) Importer(815301076,1909f56bfc062723c751e8b465ee728b)  -> (artifact id: '1fc46c4cf3fefeac121b2963fee85877') in 0.010037 seconds 
========================================================================
Received Import Request.
  Time since last request: 0.000166 seconds.
  path: Assets/Imagenes/foliagePack_017.png
  artifactKey: Guid(cd2788d377fa94b49a704085790a7afa) Importer(815301076,1909f56bfc062723c751e8b465ee728b)
Start importing Assets/Imagenes/foliagePack_017.png using Guid(cd2788d377fa94b49a704085790a7afa) Importer(815301076,1909f56bfc062723c751e8b465ee728b)  -> (artifact id: 'b138307b403ebaa78b71f4b200ba9cef') in 0.010733 seconds 
========================================================================
Received Import Request.
  Time since last request: 0.000169 seconds.
  path: Assets/Imagenes/foliagePack_016.png
  artifactKey: Guid(fd56cefe5cd0d499487ec9940eaa5a60) Importer(815301076,1909f56bfc062723c751e8b465ee728b)
Start importing Assets/Imagenes/foliagePack_016.png using Guid(fd56cefe5cd0d499487ec9940eaa5a60) Importer(815301076,1909f56bfc062723c751e8b465ee728b)  -> (artifact id: '6d28b1c3e9199cb31ac526dd835cd18e') in 0.010568 seconds 
========================================================================
Received Import Request.
  Time since last request: 0.000175 seconds.
  path: Assets/Imagenes/platformPack_item011.png
  artifactKey: Guid(1d298e9654d8e4e578c40df5c6f0a0c0) Importer(815301076,1909f56bfc062723c751e8b465ee728b)
Start importing Assets/Imagenes/platformPack_item011.png using Guid(1d298e9654d8e4e578c40df5c6f0a0c0) Importer(815301076,1909f56bfc062723c751e8b465ee728b)  -> (artifact id: 'a6466a4f7bd2f0ae6c825074c7c78703') in 0.009135 seconds 
========================================================================
Received Import Request.
  Time since last request: 0.000155 seconds.
  path: Assets/Imagenes/rabbit.png
  artifactKey: Guid(3823ae7d7f7714d128bff424b2d9ed20) Importer(815301076,1909f56bfc062723c751e8b465ee728b)
Start importing Assets/Imagenes/rabbit.png using Guid(3823ae7d7f7714d128bff424b2d9ed20) Importer(815301076,1909f56bfc062723c751e8b465ee728b)  -> (artifact id: 'af8186c1815252e372b7ce76f66fd67d') in 0.011479 seconds 
========================================================================
Received Import Request.
  Time since last request: 0.000212 seconds.
  path: Assets/Imagenes/foliagePack_057.png
  artifactKey: Guid(7aa9adc76feda46c79a6eaf0d49af0ed) Importer(815301076,1909f56bfc062723c751e8b465ee728b)
Start importing Assets/Imagenes/foliagePack_057.png using Guid(7aa9adc76feda46c79a6eaf0d49af0ed) Importer(815301076,1909f56bfc062723c751e8b465ee728b)  -> (artifact id: '1ad80a2269f26bbbe17d901cdc39b3ca') in 0.010284 seconds 
========================================================================
Received Import Request.
  Time since last request: 0.000179 seconds.
  path: Assets/Imagenes/owl.png
  artifactKey: Guid(906c1c71e3b8442fdb6ab4f33e358bf1) Importer(815301076,1909f56bfc062723c751e8b465ee728b)
Start importing Assets/Imagenes/owl.png using Guid(906c1c71e3b8442fdb6ab4f33e358bf1) Importer(815301076,1909f56bfc062723c751e8b465ee728b)  -> (artifact id: 'd0db45b52df75c3af5822bcc69a35825') in 0.011586 seconds 
========================================================================
Received Import Request.
  Time since last request: 5.361791 seconds.
  path: Assets/Imagenes/Backgrounds
  artifactKey: Guid(79a29d83473c74ee69abfb0b5fccb9b3) Importer(815301076,1909f56bfc062723c751e8b465ee728b)
Start importing Assets/Imagenes/Backgrounds using Guid(79a29d83473c74ee69abfb0b5fccb9b3) Importer(815301076,1909f56bfc062723c751e8b465ee728b)  -> (artifact id: '72c2690584a48f707acffc973e81ee51') in 0.003115 seconds 
========================================================================
Received Import Request.
  Time since last request: 0.040056 seconds.
  path: Assets/Imagenes/Backgrounds/backgroundCastles.png
  artifactKey: Guid(7622cf199b66a4a3985f1d3c7b542638) Importer(815301076,1909f56bfc062723c751e8b465ee728b)
Start importing Assets/Imagenes/Backgrounds/backgroundCastles.png using Guid(7622cf199b66a4a3985f1d3c7b542638) Importer(815301076,1909f56bfc062723c751e8b465ee728b)  -> (artifact id: 'b09f92cc324755b8c4bdd501cff5640d') in 0.013672 seconds 
========================================================================
Received Import Request.
  Time since last request: 0.000230 seconds.
  path: Assets/Imagenes/Backgrounds/backgroundColorForest.png
  artifactKey: Guid(e600e6e20af7f4c579b00bbc40fd5496) Importer(815301076,1909f56bfc062723c751e8b465ee728b)
Start importing Assets/Imagenes/Backgrounds/backgroundColorForest.png using Guid(e600e6e20af7f4c579b00bbc40fd5496) Importer(815301076,1909f56bfc062723c751e8b465ee728b)  -> (artifact id: '12f9c2c34b29be98e7e0f2795f9153e0') in 0.015110 seconds 
========================================================================
Received Import Request.
  Time since last request: 0.000172 seconds.
  path: Assets/Imagenes/Backgrounds/backgroundEmpty.png
  artifactKey: Guid(ce691cd36c712446b9b30abc82e4008d) Importer(815301076,1909f56bfc062723c751e8b465ee728b)
Start importing Assets/Imagenes/Backgrounds/backgroundEmpty.png using Guid(ce691cd36c712446b9b30abc82e4008d) Importer(815301076,1909f56bfc062723c751e8b465ee728b)  -> (artifact id: '79687d87e912357c14c8faf54c6752c9') in 0.015331 seconds 
========================================================================
Received Import Request.
  Time since last request: 0.000210 seconds.
  path: Assets/Imagenes/Backgrounds/backgroundColorGrass.png
  artifactKey: Guid(a38204fdf0dc44bedb1113976243bdf9) Importer(815301076,1909f56bfc062723c751e8b465ee728b)
Start importing Assets/Imagenes/Backgrounds/backgroundColorGrass.png using Guid(a38204fdf0dc44bedb1113976243bdf9) Importer(815301076,1909f56bfc062723c751e8b465ee728b)  -> (artifact id: 'b41f2498ed8d5806a7ecb87a693e3f69') in 0.014106 seconds 
========================================================================
Received Import Request.
  Time since last request: 0.000197 seconds.
  path: Assets/Imagenes/Backgrounds/backgroundForest.png
  artifactKey: Guid(9ed8d3f74d13f489e825ef36de77e2ee) Importer(815301076,1909f56bfc062723c751e8b465ee728b)
Start importing Assets/Imagenes/Backgrounds/backgroundForest.png using Guid(9ed8d3f74d13f489e825ef36de77e2ee) Importer(815301076,1909f56bfc062723c751e8b465ee728b)  -> (artifact id: '75513be0648560c1398946fd18906d35') in 0.014488 seconds 
========================================================================
Received Import Request.
  Time since last request: 0.000220 seconds.
  path: Assets/Imagenes/Backgrounds/backgroundColorDesert.png
  artifactKey: Guid(b21ab3e0dbeee4d15b3f529fce99b8bf) Importer(815301076,1909f56bfc062723c751e8b465ee728b)
Start importing Assets/Imagenes/Backgrounds/backgroundColorDesert.png using Guid(b21ab3e0dbeee4d15b3f529fce99b8bf) Importer(815301076,1909f56bfc062723c751e8b465ee728b)  -> (artifact id: 'dbeaf06cb3a98c3ab09c3490f0509de1') in 0.012779 seconds 
========================================================================
Received Import Request.
  Time since last request: 0.000305 seconds.
  path: Assets/Imagenes/Backgrounds/backgroundColorFall.png
  artifactKey: Guid(9b87bb5db0425484a9e1073a17b34e54) Importer(815301076,1909f56bfc062723c751e8b465ee728b)
Start importing Assets/Imagenes/Backgrounds/backgroundColorFall.png using Guid(9b87bb5db0425484a9e1073a17b34e54) Importer(815301076,1909f56bfc062723c751e8b465ee728b)  -> (artifact id: 'fe8e155099cf6a96ab8e85315fde0ce7') in 0.012756 seconds 
========================================================================
Received Import Request.
  Time since last request: 0.000262 seconds.
  path: Assets/Imagenes/Backgrounds/backgroundDesert.png
  artifactKey: Guid(43ecb11cd2ad74e5793c50778b56594e) Importer(815301076,1909f56bfc062723c751e8b465ee728b)
Start importing Assets/Imagenes/Backgrounds/backgroundDesert.png using Guid(43ecb11cd2ad74e5793c50778b56594e) Importer(815301076,1909f56bfc062723c751e8b465ee728b)  -> (artifact id: 'd837d7640154046888bbd147e28dd6df') in 0.017448 seconds 
========================================================================
Received Import Request.
  Time since last request: 134.613045 seconds.
  path: Assets/Imagenes/shipGreen_manned.png
  artifactKey: Guid(2b160a037bf774339b5e43b25f2ccd1c) Importer(815301076,1909f56bfc062723c751e8b465ee728b)
Start importing Assets/Imagenes/shipGreen_manned.png using Guid(2b160a037bf774339b5e43b25f2ccd1c) Importer(815301076,1909f56bfc062723c751e8b465ee728b)  -> (artifact id: '0dcae4ee4247562dc4bea5c62ad901c6') in 0.010204 seconds 
========================================================================
Received Import Request.
  Time since last request: 0.000142 seconds.
  path: Assets/Imagenes/shipYellow_manned.png
  artifactKey: Guid(1c4eb6d88058146faa2a3217ba1e177b) Importer(815301076,1909f56bfc062723c751e8b465ee728b)
Start importing Assets/Imagenes/shipYellow_manned.png using Guid(1c4eb6d88058146faa2a3217ba1e177b) Importer(815301076,1909f56bfc062723c751e8b465ee728b)  -> (artifact id: 'aa0ceb49a01c9f9738e26ec14a50e865') in 0.010338 seconds 
========================================================================
Received Import Request.
  Time since last request: 0.000238 seconds.
  path: Assets/Imagenes/sloth.png
  artifactKey: Guid(3267f85c02127410ea717d865f2b40b5) Importer(815301076,1909f56bfc062723c751e8b465ee728b)
Start importing Assets/Imagenes/sloth.png using Guid(3267f85c02127410ea717d865f2b40b5) Importer(815301076,1909f56bfc062723c751e8b465ee728b)  -> (artifact id: '32d2625dd4f17391f252db2afa0d241a') in 0.011496 seconds 
========================================================================
Received Import Request.
  Time since last request: 0.000139 seconds.
  path: Assets/Imagenes/suelo.png
  artifactKey: Guid(1d0f70fd2300f422b9c526b27ea4ada6) Importer(815301076,1909f56bfc062723c751e8b465ee728b)
Start importing Assets/Imagenes/suelo.png using Guid(1d0f70fd2300f422b9c526b27ea4ada6) Importer(815301076,1909f56bfc062723c751e8b465ee728b)  -> (artifact id: '97e38eb2c9559cafe6983466a5635783') in 0.010653 seconds 
========================================================================
Received Import Request.
  Time since last request: 0.000162 seconds.
  path: Assets/Imagenes/shipPink_manned.png
  artifactKey: Guid(28fe2b7d310784daeb946ec1149cd0d7) Importer(815301076,1909f56bfc062723c751e8b465ee728b)
Start importing Assets/Imagenes/shipPink_manned.png using Guid(28fe2b7d310784daeb946ec1149cd0d7) Importer(815301076,1909f56bfc062723c751e8b465ee728b)  -> (artifact id: '413515cee220ced9f24735c50507ae9f') in 0.010725 seconds 
========================================================================
Received Import Request.
  Time since last request: 39.570219 seconds.
  path: Assets/Imagenes/Retina
  artifactKey: Guid(e90058ab6d82744a6ae1e7e4a0b96157) Importer(815301076,1909f56bfc062723c751e8b465ee728b)
Start importing Assets/Imagenes/Retina using Guid(e90058ab6d82744a6ae1e7e4a0b96157) Importer(815301076,1909f56bfc062723c751e8b465ee728b)  -> (artifact id: 'c1902e21e31e69e806c8c558e79067b4') in 0.002911 seconds 
========================================================================
Received Import Request.
  Time since last request: 0.061842 seconds.
  path: Assets/Imagenes/Retina/bush1.png
  artifactKey: Guid(6ab8d62435a824395ae0ca6986dcff5f) Importer(815301076,1909f56bfc062723c751e8b465ee728b)
Start importing Assets/Imagenes/Retina/bush1.png using Guid(6ab8d62435a824395ae0ca6986dcff5f) Importer(815301076,1909f56bfc062723c751e8b465ee728b)  -> (artifact id: 'e882ea720463baae0e3b93937b2a67bf') in 0.009867 seconds 
========================================================================
Received Import Request.
  Time since last request: 0.000147 seconds.
  path: Assets/Imagenes/Retina/castleSmallAlt.png
  artifactKey: Guid(6e5a890b842c84b9e927e0556b046419) Importer(815301076,1909f56bfc062723c751e8b465ee728b)
Start importing Assets/Imagenes/Retina/castleSmallAlt.png using Guid(6e5a890b842c84b9e927e0556b046419) Importer(815301076,1909f56bfc062723c751e8b465ee728b)  -> (artifact id: '8e74c2dae0104af967b6eb1f3be05d51') in 0.010706 seconds 
========================================================================
Received Import Request.
  Time since last request: 0.000210 seconds.
  path: Assets/Imagenes/Retina/bushAlt4.png
  artifactKey: Guid(f58c075e0034043f1bd4b9ad7dc4f70a) Importer(815301076,1909f56bfc062723c751e8b465ee728b)
Start importing Assets/Imagenes/Retina/bushAlt4.png using Guid(f58c075e0034043f1bd4b9ad7dc4f70a) Importer(815301076,1909f56bfc062723c751e8b465ee728b)  -> (artifact id: '993e9818a245a9821c4d1e1c08fcdee6') in 0.009639 seconds 
========================================================================
Received Import Request.
  Time since last request: 0.000147 seconds.
  path: Assets/Imagenes/Retina/bush3.png
  artifactKey: Guid(cd18049f11bab48d597ca5d1c1c272b7) Importer(815301076,1909f56bfc062723c751e8b465ee728b)
Start importing Assets/Imagenes/Retina/bush3.png using Guid(cd18049f11bab48d597ca5d1c1c272b7) Importer(815301076,1909f56bfc062723c751e8b465ee728b)  -> (artifact id: 'deb6bf6056a624f5b413abc4438b697b') in 0.011734 seconds 
========================================================================
Received Import Request.
  Time since last request: 0.000170 seconds.
  path: Assets/Imagenes/Retina/bush4.png
  artifactKey: Guid(3dfa5fe39a2754f3b9953e9c6f6a7fd2) Importer(815301076,1909f56bfc062723c751e8b465ee728b)
Start importing Assets/Imagenes/Retina/bush4.png using Guid(3dfa5fe39a2754f3b9953e9c6f6a7fd2) Importer(815301076,1909f56bfc062723c751e8b465ee728b)  -> (artifact id: '511aba584ee4002fd711fef2107aaa41') in 0.011799 seconds 
========================================================================
Received Import Request.
  Time since last request: 0.000156 seconds.
  path: Assets/Imagenes/Retina/cloud3.png
  artifactKey: Guid(8cc449f4c00ac43b498cfd02523556f7) Importer(815301076,1909f56bfc062723c751e8b465ee728b)
Start importing Assets/Imagenes/Retina/cloud3.png using Guid(8cc449f4c00ac43b498cfd02523556f7) Importer(815301076,1909f56bfc062723c751e8b465ee728b)  -> (artifact id: 'db4c2c6998d8ec25d9361d6bd46d1b35') in 0.009621 seconds 
========================================================================
Received Import Request.
  Time since last request: 0.000146 seconds.
  path: Assets/Imagenes/Retina/cloud6.png
  artifactKey: Guid(a23b0d32c329a4465a19f81a318e7e05) Importer(815301076,1909f56bfc062723c751e8b465ee728b)
Start importing Assets/Imagenes/Retina/cloud6.png using Guid(a23b0d32c329a4465a19f81a318e7e05) Importer(815301076,1909f56bfc062723c751e8b465ee728b)  -> (artifact id: '147b1072bef71cfaf0e687f6e7da8c24') in 0.009562 seconds 
========================================================================
Received Import Request.
  Time since last request: 0.000192 seconds.
  path: Assets/Imagenes/Retina/cactus3.png
  artifactKey: Guid(cc2d7c0434a244975ba9d02402e275d0) Importer(815301076,1909f56bfc062723c751e8b465ee728b)
Start importing Assets/Imagenes/Retina/cactus3.png using Guid(cc2d7c0434a244975ba9d02402e275d0) Importer(815301076,1909f56bfc062723c751e8b465ee728b)  -> (artifact id: 'dd90debd447cce7322b316074aeb52c1') in 0.009967 seconds 
========================================================================
Received Import Request.
  Time since last request: 0.000157 seconds.
  path: Assets/Imagenes/Retina/cactus1.png
  artifactKey: Guid(49ee13e3e3bd04e0198e4b76c0baef3a) Importer(815301076,1909f56bfc062723c751e8b465ee728b)
Start importing Assets/Imagenes/Retina/cactus1.png using Guid(49ee13e3e3bd04e0198e4b76c0baef3a) Importer(815301076,1909f56bfc062723c751e8b465ee728b)  -> (artifact id: 'b0c35a939085a3c2b2268c00f286b5eb') in 0.012697 seconds 
========================================================================
Received Import Request.
  Time since last request: 0.000155 seconds.
  path: Assets/Imagenes/Retina/castleWallAlt.png
  artifactKey: Guid(96138bcdf3e47427d85f765bdfd860b1) Importer(815301076,1909f56bfc062723c751e8b465ee728b)
Start importing Assets/Imagenes/Retina/castleWallAlt.png using Guid(96138bcdf3e47427d85f765bdfd860b1) Importer(815301076,1909f56bfc062723c751e8b465ee728b)  -> (artifact id: '4c3d76543d1cc53b011163641e083ba5') in 0.010966 seconds 
========================================================================
Received Import Request.
  Time since last request: 0.000172 seconds.
  path: Assets/Imagenes/Retina/castleSmall.png
  artifactKey: Guid(e6ddcd3c4868a4ef5882a131e5806697) Importer(815301076,1909f56bfc062723c751e8b465ee728b)
Start importing Assets/Imagenes/Retina/castleSmall.png using Guid(e6ddcd3c4868a4ef5882a131e5806697) Importer(815301076,1909f56bfc062723c751e8b465ee728b)  -> (artifact id: 'c21b0d32cae9e300fb209958e050a8a4') in 0.011356 seconds 
========================================================================
Received Import Request.
  Time since last request: 0.000189 seconds.
  path: Assets/Imagenes/Retina/castleWall.png
  artifactKey: Guid(aaa6fde3ceef44d3eae0e16b14ff62c9) Importer(815301076,1909f56bfc062723c751e8b465ee728b)
Start importing Assets/Imagenes/Retina/castleWall.png using Guid(aaa6fde3ceef44d3eae0e16b14ff62c9) Importer(815301076,1909f56bfc062723c751e8b465ee728b)  -> (artifact id: '6b8becf54aa78791304a18846bb4dd54') in 0.008599 seconds 
========================================================================
Received Import Request.
  Time since last request: 0.000157 seconds.
  path: Assets/Imagenes/Retina/cloud2.png
  artifactKey: Guid(2193fc8dbc8b74232aa05a8605c7e705) Importer(815301076,1909f56bfc062723c751e8b465ee728b)
Start importing Assets/Imagenes/Retina/cloud2.png using Guid(2193fc8dbc8b74232aa05a8605c7e705) Importer(815301076,1909f56bfc062723c751e8b465ee728b)  -> (artifact id: 'ca2db8fb286082c7e6edd6a797ad168c') in 0.010501 seconds 
========================================================================
Received Import Request.
  Time since last request: 0.000183 seconds.
  path: Assets/Imagenes/Retina/bushOrange2.png
  artifactKey: Guid(a1c76a436208142fba4ed360c526b965) Importer(815301076,1909f56bfc062723c751e8b465ee728b)
Start importing Assets/Imagenes/Retina/bushOrange2.png using Guid(a1c76a436208142fba4ed360c526b965) Importer(815301076,1909f56bfc062723c751e8b465ee728b)  -> (artifact id: '615c78632937ca70acab3016886ed227') in 0.009619 seconds 
========================================================================
Received Import Request.
  Time since last request: 0.000167 seconds.
  path: Assets/Imagenes/Retina/house1.png
  artifactKey: Guid(2b632f0f42359491eadd4720b9001c82) Importer(815301076,1909f56bfc062723c751e8b465ee728b)
Start importing Assets/Imagenes/Retina/house1.png using Guid(2b632f0f42359491eadd4720b9001c82) Importer(815301076,1909f56bfc062723c751e8b465ee728b)  -> (artifact id: 'ccd60b63fb175d9679e9215e75326c12') in 0.010419 seconds 
========================================================================
Received Import Request.
  Time since last request: 0.000168 seconds.
  path: Assets/Imagenes/Retina/cloud4.png
  artifactKey: Guid(ea295018f129447299fd941feddc8ef7) Importer(815301076,1909f56bfc062723c751e8b465ee728b)
Start importing Assets/Imagenes/Retina/cloud4.png using Guid(ea295018f129447299fd941feddc8ef7) Importer(815301076,1909f56bfc062723c751e8b465ee728b)  -> (artifact id: 'bb1e7aa53beda0e5a1c6f83a05077963') in 0.010699 seconds 
========================================================================
Received Import Request.
  Time since last request: 0.000166 seconds.
  path: Assets/Imagenes/Retina/cloud7.png
  artifactKey: Guid(edbf686b75e544215b22d27bb2e20081) Importer(815301076,1909f56bfc062723c751e8b465ee728b)
Start importing Assets/Imagenes/Retina/cloud7.png using Guid(edbf686b75e544215b22d27bb2e20081) Importer(815301076,1909f56bfc062723c751e8b465ee728b)  -> (artifact id: '79afdb54e06605695be091c846925fd7') in 0.009357 seconds 
========================================================================
Received Import Request.
  Time since last request: 0.000194 seconds.
  path: Assets/Imagenes/Retina/bushAlt2.png
  artifactKey: Guid(e971124c0329141879a7e05a03be2679) Importer(815301076,1909f56bfc062723c751e8b465ee728b)
Start importing Assets/Imagenes/Retina/bushAlt2.png using Guid(e971124c0329141879a7e05a03be2679) Importer(815301076,1909f56bfc062723c751e8b465ee728b)  -> (artifact id: '6817fc1b56c6432ebadfea50eb4e2658') in 0.010219 seconds 
========================================================================
Received Import Request.
  Time since last request: 0.000164 seconds.
  path: Assets/Imagenes/Retina/cloud8.png
  artifactKey: Guid(06769148c2a284d0199f55766ccb64a0) Importer(815301076,1909f56bfc062723c751e8b465ee728b)
Start importing Assets/Imagenes/Retina/cloud8.png using Guid(06769148c2a284d0199f55766ccb64a0) Importer(815301076,1909f56bfc062723c751e8b465ee728b)  -> (artifact id: '1d1972cca6c1876ace951c25269aa09a') in 0.008709 seconds 
========================================================================
Received Import Request.
  Time since last request: 0.000218 seconds.
  path: Assets/Imagenes/Retina/bushOrange3.png
  artifactKey: Guid(d2ad92226d63641ffa5155f31f88ccea) Importer(815301076,1909f56bfc062723c751e8b465ee728b)
Start importing Assets/Imagenes/Retina/bushOrange3.png using Guid(d2ad92226d63641ffa5155f31f88ccea) Importer(815301076,1909f56bfc062723c751e8b465ee728b)  -> (artifact id: 'ed05f7e0e788b31a19f40389cc80bfa9') in 0.011749 seconds 
========================================================================
Received Import Request.
  Time since last request: 0.000249 seconds.
  path: Assets/Imagenes/Retina/fenceIron.png
  artifactKey: Guid(ed24babcb111147548e2f30fe424cc9d) Importer(815301076,1909f56bfc062723c751e8b465ee728b)
Start importing Assets/Imagenes/Retina/fenceIron.png using Guid(ed24babcb111147548e2f30fe424cc9d) Importer(815301076,1909f56bfc062723c751e8b465ee728b)  -> (artifact id: '9f8a475067abb58260b4c6957a405c2a') in 0.010645 seconds 
========================================================================
Received Import Request.
  Time since last request: 0.000150 seconds.
  path: Assets/Imagenes/Retina/cactus2.png
  artifactKey: Guid(1755adc9f31ac4579b13ccd10fb58ce4) Importer(815301076,1909f56bfc062723c751e8b465ee728b)
Start importing Assets/Imagenes/Retina/cactus2.png using Guid(1755adc9f31ac4579b13ccd10fb58ce4) Importer(815301076,1909f56bfc062723c751e8b465ee728b)  -> (artifact id: 'd42092a369e01a39ad7279a196db5bac') in 0.009798 seconds 
========================================================================
Received Import Request.
  Time since last request: 0.000197 seconds.
  path: Assets/Imagenes/Retina/bushAlt3.png
  artifactKey: Guid(98aeba72612f04801ab20bd042487385) Importer(815301076,1909f56bfc062723c751e8b465ee728b)
Start importing Assets/Imagenes/Retina/bushAlt3.png using Guid(98aeba72612f04801ab20bd042487385) Importer(815301076,1909f56bfc062723c751e8b465ee728b)  -> (artifact id: '616348a7d32e470619fabbfed816ad13') in 0.010153 seconds 
========================================================================
Received Import Request.
  Time since last request: 0.000178 seconds.
  path: Assets/Imagenes/Retina/bush2.png
  artifactKey: Guid(4f070022d702644eb981356dc5afe9ed) Importer(815301076,1909f56bfc062723c751e8b465ee728b)
Start importing Assets/Imagenes/Retina/bush2.png using Guid(4f070022d702644eb981356dc5afe9ed) Importer(815301076,1909f56bfc062723c751e8b465ee728b)  -> (artifact id: 'fb5a612e25ab4ca2db1ed8c63ed713d8') in 0.010657 seconds 
========================================================================
Received Import Request.
  Time since last request: 0.000180 seconds.
  path: Assets/Imagenes/Retina/cloud5.png
  artifactKey: Guid(669e0d2719b4444028c25e5bacab7729) Importer(815301076,1909f56bfc062723c751e8b465ee728b)
Start importing Assets/Imagenes/Retina/cloud5.png using Guid(669e0d2719b4444028c25e5bacab7729) Importer(815301076,1909f56bfc062723c751e8b465ee728b)  -> (artifact id: 'e40ed58857eae2a170040bb560f7c7de') in 0.009756 seconds 
========================================================================
Received Import Request.
  Time since last request: 0.000177 seconds.
  path: Assets/Imagenes/Retina/cloud1.png
  artifactKey: Guid(5f12f12fc18aa4792952e0226b66f476) Importer(815301076,1909f56bfc062723c751e8b465ee728b)
Start importing Assets/Imagenes/Retina/cloud1.png using Guid(5f12f12fc18aa4792952e0226b66f476) Importer(815301076,1909f56bfc062723c751e8b465ee728b)  -> (artifact id: '35d6cc8f17432600f2aa61995a90f277') in 0.009717 seconds 
========================================================================
Received Import Request.
  Time since last request: 0.000185 seconds.
  path: Assets/Imagenes/Retina/fence.png
  artifactKey: Guid(3960c14436b7f4723a61af9a44691312) Importer(815301076,1909f56bfc062723c751e8b465ee728b)
Start importing Assets/Imagenes/Retina/fence.png using Guid(3960c14436b7f4723a61af9a44691312) Importer(815301076,1909f56bfc062723c751e8b465ee728b)  -> (artifact id: '8a3b8775a755a0699cecb2425c0194b7') in 0.011416 seconds 
========================================================================
Received Import Request.
  Time since last request: 0.000186 seconds.
  path: Assets/Imagenes/Retina/bushOrange1.png
  artifactKey: Guid(8bc2ebbe8e9ee4365ac3a873024182d6) Importer(815301076,1909f56bfc062723c751e8b465ee728b)
Start importing Assets/Imagenes/Retina/bushOrange1.png using Guid(8bc2ebbe8e9ee4365ac3a873024182d6) Importer(815301076,1909f56bfc062723c751e8b465ee728b)  -> (artifact id: '31eaa272d7dddeab5c038ac4441b9488') in 0.009246 seconds 
========================================================================
Received Import Request.
  Time since last request: 0.000187 seconds.
  path: Assets/Imagenes/Retina/house2.png
  artifactKey: Guid(54274d37494484f4585ae8a71405aba9) Importer(815301076,1909f56bfc062723c751e8b465ee728b)
Start importing Assets/Imagenes/Retina/house2.png using Guid(54274d37494484f4585ae8a71405aba9) Importer(815301076,1909f56bfc062723c751e8b465ee728b)  -> (artifact id: 'e351a7f5b19ea5107458b49d08a0b9b6') in 0.011235 seconds 
========================================================================
Received Import Request.
  Time since last request: 0.000176 seconds.
  path: Assets/Imagenes/Retina/houseAlt2.png
  artifactKey: Guid(9fe16748bbffa49e298294c4afd55571) Importer(815301076,1909f56bfc062723c751e8b465ee728b)
Start importing Assets/Imagenes/Retina/houseAlt2.png using Guid(9fe16748bbffa49e298294c4afd55571) Importer(815301076,1909f56bfc062723c751e8b465ee728b)  -> (artifact id: 'ccd352e5f6e0ede1277c21bef4ec34be') in 0.012078 seconds 
========================================================================
Received Import Request.
  Time since last request: 0.000168 seconds.
  path: Assets/Imagenes/Retina/bushAlt1.png
  artifactKey: Guid(c52aab941b4f046e29148adc6b5cfff9) Importer(815301076,1909f56bfc062723c751e8b465ee728b)
Start importing Assets/Imagenes/Retina/bushAlt1.png using Guid(c52aab941b4f046e29148adc6b5cfff9) Importer(815301076,1909f56bfc062723c751e8b465ee728b)  -> (artifact id: 'a9c5572a55b7754f51ada4c0997a3d93') in 0.010191 seconds 
========================================================================
Received Import Request.
  Time since last request: 0.000181 seconds.
  path: Assets/Imagenes/Retina/bushOrange4.png
  artifactKey: Guid(6822cad302cb54d0ba13e4a1eacf8e90) Importer(815301076,1909f56bfc062723c751e8b465ee728b)
Start importing Assets/Imagenes/Retina/bushOrange4.png using Guid(6822cad302cb54d0ba13e4a1eacf8e90) Importer(815301076,1909f56bfc062723c751e8b465ee728b)  -> (artifact id: 'fa7a7d5a69f48fbc95517990d9889b7a') in 0.009538 seconds 
========================================================================
Received Import Request.
  Time since last request: 0.000163 seconds.
  path: Assets/Imagenes/Retina/houseAlt1.png
  artifactKey: Guid(adbdf8a15e2db41e082051ab8fd4679b) Importer(815301076,1909f56bfc062723c751e8b465ee728b)
Start importing Assets/Imagenes/Retina/houseAlt1.png using Guid(adbdf8a15e2db41e082051ab8fd4679b) Importer(815301076,1909f56bfc062723c751e8b465ee728b)  -> (artifact id: '7f4c6ef9fb2fab0c8da677db9c4da3d0') in 0.012694 seconds 
========================================================================
Received Import Request.
  Time since last request: 0.308977 seconds.
  path: Assets/Imagenes/Retina/houseSmall1.png
  artifactKey: Guid(145b360b2f7d54ba1951c3ade7716d06) Importer(815301076,1909f56bfc062723c751e8b465ee728b)
Start importing Assets/Imagenes/Retina/houseSmall1.png using Guid(145b360b2f7d54ba1951c3ade7716d06) Importer(815301076,1909f56bfc062723c751e8b465ee728b)  -> (artifact id: '5ade3e0041412fb52a290da5212f6bef') in 0.009586 seconds 
========================================================================
Received Import Request.
  Time since last request: 0.000190 seconds.
  path: Assets/Imagenes/Retina/houseSmallAlt1.png
  artifactKey: Guid(8c0163e2b2bf8414eb39f1511f120303) Importer(815301076,1909f56bfc062723c751e8b465ee728b)
Start importing Assets/Imagenes/Retina/houseSmallAlt1.png using Guid(8c0163e2b2bf8414eb39f1511f120303) Importer(815301076,1909f56bfc062723c751e8b465ee728b)  -> (artifact id: 'ae9dca42c7e8e9ccf33dbd45e5cc651e') in 0.008945 seconds 
========================================================================
Received Import Request.
  Time since last request: 0.000192 seconds.
  path: Assets/Imagenes/Retina/houseSmallAlt2.png
  artifactKey: Guid(3f017ba5438724ade8ae028c726a160a) Importer(815301076,1909f56bfc062723c751e8b465ee728b)
Start importing Assets/Imagenes/Retina/houseSmallAlt2.png using Guid(3f017ba5438724ade8ae028c726a160a) Importer(815301076,1909f56bfc062723c751e8b465ee728b)  -> (artifact id: '6275beb3426d366a71008659bc09148e') in 0.010379 seconds 
========================================================================
Received Import Request.
  Time since last request: 0.000195 seconds.
  path: Assets/Imagenes/Retina/moon.png
  artifactKey: Guid(b63618a6d185544dfb7003e0adbeb884) Importer(815301076,1909f56bfc062723c751e8b465ee728b)
Start importing Assets/Imagenes/Retina/moon.png using Guid(b63618a6d185544dfb7003e0adbeb884) Importer(815301076,1909f56bfc062723c751e8b465ee728b)  -> (artifact id: '5cd49d715cb423da1b94f4e679485bbc') in 0.011053 seconds 
========================================================================
Received Import Request.
  Time since last request: 0.000217 seconds.
  path: Assets/Imagenes/Retina/pyramidMayan.png
  artifactKey: Guid(97c236f7108de4329ac941d750fdeef6) Importer(815301076,1909f56bfc062723c751e8b465ee728b)
Start importing Assets/Imagenes/Retina/pyramidMayan.png using Guid(97c236f7108de4329ac941d750fdeef6) Importer(815301076,1909f56bfc062723c751e8b465ee728b)  -> (artifact id: 'eb3b7f87aa36eb6332ad9def23e3876c') in 0.009881 seconds 
========================================================================
Received Import Request.
  Time since last request: 0.000205 seconds.
  path: Assets/Imagenes/Retina/pyramid.png
  artifactKey: Guid(87740874b75f34b5ba8646e552e62f41) Importer(815301076,1909f56bfc062723c751e8b465ee728b)
Start importing Assets/Imagenes/Retina/pyramid.png using Guid(87740874b75f34b5ba8646e552e62f41) Importer(815301076,1909f56bfc062723c751e8b465ee728b)  -> (artifact id: '97d4fa078a8dd7afe44a906f9a47f10c') in 0.010827 seconds 
========================================================================
Received Import Request.
  Time since last request: 0.000184 seconds.
  path: Assets/Imagenes/Retina/houseSmall2.png
  artifactKey: Guid(0d06f3abdc8fa47048158608c31322a9) Importer(815301076,1909f56bfc062723c751e8b465ee728b)
Start importing Assets/Imagenes/Retina/houseSmall2.png using Guid(0d06f3abdc8fa47048158608c31322a9) Importer(815301076,1909f56bfc062723c751e8b465ee728b)  -> (artifact id: 'b8fd63df01c523cf311533381ebfdd0b') in 0.010468 seconds 
========================================================================
Received Import Request.
  Time since last request: 0.000262 seconds.
  path: Assets/Imagenes/Retina/moonFull.png
  artifactKey: Guid(74be791290eab447fae8356a61c4760e) Importer(815301076,1909f56bfc062723c751e8b465ee728b)
Start importing Assets/Imagenes/Retina/moonFull.png using Guid(74be791290eab447fae8356a61c4760e) Importer(815301076,1909f56bfc062723c751e8b465ee728b)  -> (artifact id: 'd10f4ef72c80fd966d778e475d94e5ef') in 0.011071 seconds 
========================================================================
Received Import Request.
  Time since last request: 0.022611 seconds.
  path: Assets/Imagenes/Retina/sun.png
  artifactKey: Guid(0d3ce716fa0344aa2b16f5867c579d92) Importer(815301076,1909f56bfc062723c751e8b465ee728b)
Start importing Assets/Imagenes/Retina/sun.png using Guid(0d3ce716fa0344aa2b16f5867c579d92) Importer(815301076,1909f56bfc062723c751e8b465ee728b)  -> (artifact id: 'c73a643157d4976573ea7a78e59c4135') in 0.010147 seconds 
========================================================================
Received Import Request.
  Time since last request: 0.000153 seconds.
  path: Assets/Imagenes/Retina/tree.png
  artifactKey: Guid(ffdad404c446540f1add503834e0aab6) Importer(815301076,1909f56bfc062723c751e8b465ee728b)
Start importing Assets/Imagenes/Retina/tree.png using Guid(ffdad404c446540f1add503834e0aab6) Importer(815301076,1909f56bfc062723c751e8b465ee728b)  -> (artifact id: 'c164c1859cf30a76c8e14caa43605dba') in 0.010226 seconds 
========================================================================
Received Import Request.
  Time since last request: 0.000190 seconds.
  path: Assets/Imagenes/Retina/treeFrozen.png
  artifactKey: Guid(b41f7c90d0f904726ae506dee50b7bae) Importer(815301076,1909f56bfc062723c751e8b465ee728b)
Start importing Assets/Imagenes/Retina/treeFrozen.png using Guid(b41f7c90d0f904726ae506dee50b7bae) Importer(815301076,1909f56bfc062723c751e8b465ee728b)  -> (artifact id: '304e0f1f77832cdac08184c2335d1ed2') in 0.010168 seconds 
========================================================================
Received Import Request.
  Time since last request: 0.000227 seconds.
  path: Assets/Imagenes/Retina/towerAlt.png
  artifactKey: Guid(5aaf0b2faa3c94d6f945aa73c3ba53e3) Importer(815301076,1909f56bfc062723c751e8b465ee728b)
Start importing Assets/Imagenes/Retina/towerAlt.png using Guid(5aaf0b2faa3c94d6f945aa73c3ba53e3) Importer(815301076,1909f56bfc062723c751e8b465ee728b)  -> (artifact id: 'a0e7e798d34bcda765994ba77179a0d8') in 0.012579 seconds 
========================================================================
Received Import Request.
  Time since last request: 0.000173 seconds.
  path: Assets/Imagenes/Retina/tower.png
  artifactKey: Guid(c8a4c66392bd9448aaa322dc9d3a87d1) Importer(815301076,1909f56bfc062723c751e8b465ee728b)
Start importing Assets/Imagenes/Retina/tower.png using Guid(c8a4c66392bd9448aaa322dc9d3a87d1) Importer(815301076,1909f56bfc062723c751e8b465ee728b)  -> (artifact id: '1d1a90b228bbcdab773e892d17394dd9') in 0.009968 seconds 
========================================================================
Received Import Request.
  Time since last request: 0.000214 seconds.
  path: Assets/Imagenes/Retina/towerSmallAlt.png
  artifactKey: Guid(7e01102eca4b04e7e987aa1d7d3738e9) Importer(815301076,1909f56bfc062723c751e8b465ee728b)
Start importing Assets/Imagenes/Retina/towerSmallAlt.png using Guid(7e01102eca4b04e7e987aa1d7d3738e9) Importer(815301076,1909f56bfc062723c751e8b465ee728b)  -> (artifact id: '3d3842a22936c129422bdcf17fe8e031') in 0.010193 seconds 
========================================================================
Received Import Request.
  Time since last request: 0.000249 seconds.
  path: Assets/Imagenes/Retina/towerSmall.png
  artifactKey: Guid(ad44e33dacd93454595b17982d7184c6) Importer(815301076,1909f56bfc062723c751e8b465ee728b)
Start importing Assets/Imagenes/Retina/towerSmall.png using Guid(ad44e33dacd93454595b17982d7184c6) Importer(815301076,1909f56bfc062723c751e8b465ee728b)  -> (artifact id: '979f5e75a6851c016d1cbfe7fd7bff0c') in 0.009823 seconds 
========================================================================
Received Import Request.
  Time since last request: 0.000186 seconds.
  path: Assets/Imagenes/Retina/treeDead.png
  artifactKey: Guid(2f1420651a0a249ab84aad5ad09e83f7) Importer(815301076,1909f56bfc062723c751e8b465ee728b)
Start importing Assets/Imagenes/Retina/treeDead.png using Guid(2f1420651a0a249ab84aad5ad09e83f7) Importer(815301076,1909f56bfc062723c751e8b465ee728b)  -> (artifact id: 'be69a8d212ebe35750b56f8b72d809cd') in 0.012291 seconds 
========================================================================
Received Import Request.
  Time since last request: 0.187884 seconds.
  path: Assets/Imagenes/Retina/treeLong.png
  artifactKey: Guid(7643fdd159b644a98a309982862070ae) Importer(815301076,1909f56bfc062723c751e8b465ee728b)
Start importing Assets/Imagenes/Retina/treeLong.png using Guid(7643fdd159b644a98a309982862070ae) Importer(815301076,1909f56bfc062723c751e8b465ee728b)  -> (artifact id: '3754ddf68db45bdcfd6584ba5b8fdce1') in 0.009323 seconds 
========================================================================
Received Import Request.
  Time since last request: 0.000190 seconds.
  path: Assets/Imagenes/Retina/treeLongSnow.png
  artifactKey: Guid(2a0f80a1f00084ca8bcda569c6fcd15b) Importer(815301076,1909f56bfc062723c751e8b465ee728b)
Start importing Assets/Imagenes/Retina/treeLongSnow.png using Guid(2a0f80a1f00084ca8bcda569c6fcd15b) Importer(815301076,1909f56bfc062723c751e8b465ee728b)  -> (artifact id: 'a9615e75e19c9f6e6576e6c13308b735') in 0.010906 seconds 
========================================================================
Received Import Request.
  Time since last request: 0.000211 seconds.
  path: Assets/Imagenes/Retina/treePine.png
  artifactKey: Guid(a5ce797d7164b45afaf445e3e0b71e86) Importer(815301076,1909f56bfc062723c751e8b465ee728b)
Start importing Assets/Imagenes/Retina/treePine.png using Guid(a5ce797d7164b45afaf445e3e0b71e86) Importer(815301076,1909f56bfc062723c751e8b465ee728b)  -> (artifact id: 'd552dfcc42efdbdc546da217824053e2') in 0.010865 seconds 
========================================================================
Received Import Request.
  Time since last request: 0.000219 seconds.
  path: Assets/Imagenes/Retina/treeLongOrange.png
  artifactKey: Guid(f1350bdea81dd40a59fcd1f178c4fb32) Importer(815301076,1909f56bfc062723c751e8b465ee728b)
Start importing Assets/Imagenes/Retina/treeLongOrange.png using Guid(f1350bdea81dd40a59fcd1f178c4fb32) Importer(815301076,1909f56bfc062723c751e8b465ee728b)  -> (artifact id: '220488f77c0b4618b2ae3fc9c4e23179') in 0.009386 seconds 
========================================================================
Received Import Request.
  Time since last request: 0.000187 seconds.
  path: Assets/Imagenes/Retina/treePineFrozen.png
  artifactKey: Guid(4581c2537bb964cad9b2370181de2ed6) Importer(815301076,1909f56bfc062723c751e8b465ee728b)
Start importing Assets/Imagenes/Retina/treePineFrozen.png using Guid(4581c2537bb964cad9b2370181de2ed6) Importer(815301076,1909f56bfc062723c751e8b465ee728b)  -> (artifact id: '6d35aaf5cc28667c7a17ac6a06022590') in 0.008762 seconds 
========================================================================
Received Import Request.
  Time since last request: 0.000175 seconds.
  path: Assets/Imagenes/Retina/treePalm.png
  artifactKey: Guid(101462d6bb295400abff042918d4f651) Importer(815301076,1909f56bfc062723c751e8b465ee728b)
Start importing Assets/Imagenes/Retina/treePalm.png using Guid(101462d6bb295400abff042918d4f651) Importer(815301076,1909f56bfc062723c751e8b465ee728b)  -> (artifact id: 'a7143a8c3413dd0d95053fd8ab202a9f') in 0.011065 seconds 
========================================================================
Received Import Request.
  Time since last request: 0.000158 seconds.
  path: Assets/Imagenes/Retina/treeOrange.png
  artifactKey: Guid(8ce35dd00abf148cd977a2e3bdeaac90) Importer(815301076,1909f56bfc062723c751e8b465ee728b)
Start importing Assets/Imagenes/Retina/treeOrange.png using Guid(8ce35dd00abf148cd977a2e3bdeaac90) Importer(815301076,1909f56bfc062723c751e8b465ee728b)  -> (artifact id: '21a4b4e327f82712f7f12caa33c4bee5') in 0.011176 seconds 
========================================================================
Received Import Request.
  Time since last request: 0.000226 seconds.
  path: Assets/Imagenes/Retina/treeLongFrozen.png
  artifactKey: Guid(5e4ba2e6889c74030b6280be4f7e4ccc) Importer(815301076,1909f56bfc062723c751e8b465ee728b)
Start importing Assets/Imagenes/Retina/treeLongFrozen.png using Guid(5e4ba2e6889c74030b6280be4f7e4ccc) Importer(815301076,1909f56bfc062723c751e8b465ee728b)  -> (artifact id: 'c247229f9cb4e2d3d0890e4babb557c8') in 0.013721 seconds 
========================================================================
Received Import Request.
  Time since last request: 37.425526 seconds.
  path: Assets/Imagenes/Retina/treePineOrange.png
  artifactKey: Guid(1bd162d6716a34716b16545cbb64f76f) Importer(815301076,1909f56bfc062723c751e8b465ee728b)
Start importing Assets/Imagenes/Retina/treePineOrange.png using Guid(1bd162d6716a34716b16545cbb64f76f) Importer(815301076,1909f56bfc062723c751e8b465ee728b)  -> (artifact id: '8d4e241790e116cacd4d61ec9dbe12f3') in 0.008127 seconds 
========================================================================
Received Import Request.
  Time since last request: 0.000163 seconds.
  path: Assets/Imagenes/Retina/treeSmall_green2.png
  artifactKey: Guid(0a4719f2d4bd14dd3a307fbec6e17333) Importer(815301076,1909f56bfc062723c751e8b465ee728b)
Start importing Assets/Imagenes/Retina/treeSmall_green2.png using Guid(0a4719f2d4bd14dd3a307fbec6e17333) Importer(815301076,1909f56bfc062723c751e8b465ee728b)  -> (artifact id: 'e00ea63a9b2f841b15dbc8cafd46af1a') in 0.010435 seconds 
========================================================================
Received Import Request.
  Time since last request: 0.000150 seconds.
  path: Assets/Imagenes/Retina/treeSmall_green3.png
  artifactKey: Guid(c4a6e3ec8a29a4a528ac5a0a731b9bf5) Importer(815301076,1909f56bfc062723c751e8b465ee728b)
Start importing Assets/Imagenes/Retina/treeSmall_green3.png using Guid(c4a6e3ec8a29a4a528ac5a0a731b9bf5) Importer(815301076,1909f56bfc062723c751e8b465ee728b)  -> (artifact id: 'cb6d06c0027a2753ee186b5ea216e289') in 0.009149 seconds 
========================================================================
Received Import Request.
  Time since last request: 0.000200 seconds.
  path: Assets/Imagenes/Retina/treeSmall_greenAlt3.png
  artifactKey: Guid(f4801a0a42eb049af81f8e901c41f921) Importer(815301076,1909f56bfc062723c751e8b465ee728b)
Start importing Assets/Imagenes/Retina/treeSmall_greenAlt3.png using Guid(f4801a0a42eb049af81f8e901c41f921) Importer(815301076,1909f56bfc062723c751e8b465ee728b)  -> (artifact id: '94f6cb27d75921a9414d3e9769987b8f') in 0.007758 seconds 
========================================================================
Received Import Request.
  Time since last request: 0.000224 seconds.
  path: Assets/Imagenes/Retina/treePineSnow.png
  artifactKey: Guid(94391291a957c4016996c48eda685de1) Importer(815301076,1909f56bfc062723c751e8b465ee728b)
Start importing Assets/Imagenes/Retina/treePineSnow.png using Guid(94391291a957c4016996c48eda685de1) Importer(815301076,1909f56bfc062723c751e8b465ee728b)  -> (artifact id: '2e01e1d981c35cebebf34855c1df21c3') in 0.012209 seconds 
========================================================================
Received Import Request.
  Time since last request: 0.000167 seconds.
  path: Assets/Imagenes/Retina/treeSmall_green1.png
  artifactKey: Guid(197d33dc7d95a40a882478c3c5a666e0) Importer(815301076,1909f56bfc062723c751e8b465ee728b)
Start importing Assets/Imagenes/Retina/treeSmall_green1.png using Guid(197d33dc7d95a40a882478c3c5a666e0) Importer(815301076,1909f56bfc062723c751e8b465ee728b)  -> (artifact id: '29c4a8a43488f80682cc9188b18b154c') in 0.011028 seconds 
========================================================================
Received Import Request.
  Time since last request: 0.000170 seconds.
  path: Assets/Imagenes/Retina/treeSmall_greenAlt2.png
  artifactKey: Guid(45644cbc62a9b4d73ba6e6ef2eeac0cc) Importer(815301076,1909f56bfc062723c751e8b465ee728b)
Start importing Assets/Imagenes/Retina/treeSmall_greenAlt2.png using Guid(45644cbc62a9b4d73ba6e6ef2eeac0cc) Importer(815301076,1909f56bfc062723c751e8b465ee728b)  -> (artifact id: '3a80ed11926b5fa25a68639d842941a2') in 0.008279 seconds 
========================================================================
Received Import Request.
  Time since last request: 0.000170 seconds.
  path: Assets/Imagenes/Retina/treeSmall_greenAlt1.png
  artifactKey: Guid(3a55ce8004a954797995f5eccfcf402b) Importer(815301076,1909f56bfc062723c751e8b465ee728b)
Start importing Assets/Imagenes/Retina/treeSmall_greenAlt1.png using Guid(3a55ce8004a954797995f5eccfcf402b) Importer(815301076,1909f56bfc062723c751e8b465ee728b)  -> (artifact id: 'f8d1eb42699852be0b871fb7e7802782') in 0.008828 seconds 
========================================================================
Received Import Request.
  Time since last request: 0.270459 seconds.
  path: Assets/Imagenes/Retina/treeSmall_orange1.png
  artifactKey: Guid(e2dc27c0dc53543a38fb848a240be5ec) Importer(815301076,1909f56bfc062723c751e8b465ee728b)
Start importing Assets/Imagenes/Retina/treeSmall_orange1.png using Guid(e2dc27c0dc53543a38fb848a240be5ec) Importer(815301076,1909f56bfc062723c751e8b465ee728b)  -> (artifact id: '4460de6d0e926387ae7f1377a035d8f2') in 0.007706 seconds 
========================================================================
Received Import Request.
  Time since last request: 0.000170 seconds.
  path: Assets/Imagenes/Retina/treeSnow.png
  artifactKey: Guid(c9ce7168b380649dda6b1696d5b8751f) Importer(815301076,1909f56bfc062723c751e8b465ee728b)
Start importing Assets/Imagenes/Retina/treeSnow.png using Guid(c9ce7168b380649dda6b1696d5b8751f) Importer(815301076,1909f56bfc062723c751e8b465ee728b)  -> (artifact id: 'a2b28fe1174036f916060468206d53d9') in 0.010429 seconds 
========================================================================
Received Import Request.
  Time since last request: 0.000161 seconds.
  path: Assets/Imagenes/Retina/treeSmall_orange2.png
  artifactKey: Guid(32569159544d54353965bed922697b00) Importer(815301076,1909f56bfc062723c751e8b465ee728b)
Start importing Assets/Imagenes/Retina/treeSmall_orange2.png using Guid(32569159544d54353965bed922697b00) Importer(815301076,1909f56bfc062723c751e8b465ee728b)  -> (artifact id: 'b12014a3d7343aa6759bfff899a210e9') in 0.009440 seconds 
========================================================================
Received Import Request.
  Time since last request: 0.000210 seconds.
  path: Assets/Imagenes/Retina/treeSmall_orange3.png
  artifactKey: Guid(9e41407e38a124531a0c4fcffec4898e) Importer(815301076,1909f56bfc062723c751e8b465ee728b)
Start importing Assets/Imagenes/Retina/treeSmall_orange3.png using Guid(9e41407e38a124531a0c4fcffec4898e) Importer(815301076,1909f56bfc062723c751e8b465ee728b)  -> (artifact id: '3052da726c898e3354c39b0e19130ee2') in 0.007993 seconds 
========================================================================
Received Import Request.
  Time since last request: 466.886036 seconds.
  path: Assets/Scripts/Animal.cs
  artifactKey: Guid(a4985d9be26f644918105213e630f9bd) Importer(815301076,1909f56bfc062723c751e8b465ee728b)
Start importing Assets/Scripts/Animal.cs using Guid(a4985d9be26f644918105213e630f9bd) Importer(815301076,1909f56bfc062723c751e8b465ee728b)  -> (artifact id: '15fcfa48e9618db9a377bb96d2d537c4') in 0.012328 seconds 
========================================================================
Received Import Request.
  Time since last request: 1414.851786 seconds.
  path: Assets/prefabs/bullet 2.prefab
  artifactKey: Guid(ee936ef7cfeac42a98d98fe8e2df23c6) Importer(815301076,1909f56bfc062723c751e8b465ee728b)
Start importing Assets/prefabs/bullet 2.prefab using Guid(ee936ef7cfeac42a98d98fe8e2df23c6) Importer(815301076,1909f56bfc062723c751e8b465ee728b)  -> (artifact id: '06758e17d3054853d2655231c77e505d') in 0.011468 seconds 
========================================================================
Received Import Request.
  Time since last request: 1.924650 seconds.
  path: Assets/prefabs/bullet.prefab
  artifactKey: Guid(e2cef46308f9b44ccaf3d9e14f97782e) Importer(815301076,1909f56bfc062723c751e8b465ee728b)
Start importing Assets/prefabs/bullet.prefab using Guid(e2cef46308f9b44ccaf3d9e14f97782e) Importer(815301076,1909f56bfc062723c751e8b465ee728b)  -> (artifact id: '1056576b56d949a801d008555a946609') in 0.009092 seconds 
========================================================================
Received Import Request.
  Time since last request: 242.369513 seconds.
  path: Assets/Scenes/game.unity
  artifactKey: Guid(2cda990e2423bbf4892e6590ba056729) Importer(815301076,1909f56bfc062723c751e8b465ee728b)
Start importing Assets/Scenes/game.unity using Guid(2cda990e2423bbf4892e6590ba056729) Importer(815301076,1909f56bfc062723c751e8b465ee728b)  -> (artifact id: 'af8c4deff7203d6e8315074c6c915d8f') in 0.003116 seconds 
========================================================================
Received Import Request.
  Time since last request: 6.252945 seconds.
  path: Assets/Scenes/menu.unity
  artifactKey: Guid(1cf0186f59bc24b6ca0e3493d04ef3a5) Importer(815301076,1909f56bfc062723c751e8b465ee728b)
Start importing Assets/Scenes/menu.unity using Guid(1cf0186f59bc24b6ca0e3493d04ef3a5) Importer(815301076,1909f56bfc062723c751e8b465ee728b)  -> (artifact id: '759d348d0b2dbba8e4fdf817769ce92b') in 0.003204 seconds 
AssetImportWorkerClient::OnTransportError - code=2 error=End of file
